[debug] [2017-12-01T10:57:25.736Z] ----------------------------------------------------------------------
[debug] [2017-12-01T10:57:25.740Z] Command:       C:\Program Files\nodejs\node.exe C:\Users\khw\AppData\Roaming\npm\node_modules\firebase-tools\bin\firebase deploy
[debug] [2017-12-01T10:57:25.740Z] CLI Version:   3.15.3
[debug] [2017-12-01T10:57:25.740Z] Platform:      win32
[debug] [2017-12-01T10:57:25.740Z] Node Version:  v8.5.0
[debug] [2017-12-01T10:57:25.741Z] Time:          Fri Dec 01 2017 19:57:25 GMT+0900 (Korea Standard Time)
[debug] [2017-12-01T10:57:25.742Z] ----------------------------------------------------------------------
[debug] 
[debug] [2017-12-01T10:57:25.776Z] > command requires scopes: ["email","openid","https://www.googleapis.com/auth/cloudplatformprojects.readonly","https://www.googleapis.com/auth/firebase","https://www.googleapis.com/auth/cloud-platform"]
[debug] [2017-12-01T10:57:25.777Z] > authorizing via signed-in user
[debug] [2017-12-01T10:57:25.783Z] > refreshing access token with scopes: ["email","https://www.googleapis.com/auth/cloud-platform","https://www.googleapis.com/auth/cloudplatformprojects.readonly","https://www.googleapis.com/auth/firebase","openid"]
[debug] [2017-12-01T10:57:25.783Z] >>> HTTP REQUEST POST https://www.googleapis.com/oauth2/v3/token { refresh_token: '1/YjSEEVrD3AeRuqKbYjD8DR3QewnUNL5fZFERiKNQDPs',
  client_id: '563584335869-fgrhgmd47bqnekij5i8b5pr03ho849e6.apps.googleusercontent.com',
  client_secret: 'j9iVZfS8kkCEFUPaAeJV0sAi',
  grant_type: 'refresh_token',
  scope: 'email https://www.googleapis.com/auth/cloud-platform https://www.googleapis.com/auth/cloudplatformprojects.readonly https://www.googleapis.com/auth/firebase openid' } 
 Fri Dec 01 2017 19:57:25 GMT+0900 (Korea Standard Time)
[debug] [2017-12-01T10:57:26.215Z] <<< HTTP RESPONSE 200
[debug] [2017-12-01T10:57:26.229Z] >>> HTTP REQUEST GET https://admin.firebase.com/v1/projects/crowdsourcing-664f1  
 Fri Dec 01 2017 19:57:26 GMT+0900 (Korea Standard Time)
[debug] [2017-12-01T10:57:27.411Z] <<< HTTP RESPONSE 200
[debug] [2017-12-01T10:57:27.414Z] >>> HTTP REQUEST GET https://admin.firebase.com/v1/database/crowdsourcing-664f1/tokens  
 Fri Dec 01 2017 19:57:27 GMT+0900 (Korea Standard Time)
[debug] [2017-12-01T10:57:28.280Z] <<< HTTP RESPONSE 200
